This file contains any messages produced by compilers while
running configure, to aid debugging if configure makes a mistake.

It was created by FULL-PACKAGE-NAME configure VERSION, which was
generated by GNU Autoconf 2.68.  Invocation command line was

  $ ./configure 

## --------- ##
## Platform. ##
## --------- ##

hostname = bobi
uname -m = x86_64
uname -r = 3.2.0-23-generic
uname -s = Linux
uname -v = #36-Ubuntu SMP Tue Apr 10 20:39:51 UTC 2012

/usr/bin/uname -p = unknown
/bin/uname -X     = unknown

/bin/arch              = unknown
/usr/bin/arch -k       = unknown
/usr/convex/getsysinfo = unknown
/usr/bin/hostinfo      = unknown
/bin/machine           = unknown
/usr/bin/oslevel       = unknown
/bin/universe          = unknown

PATH: /usr/lib/lightdm/lightdm
PATH: /usr/local/sbin
PATH: /usr/local/bin
PATH: /usr/sbin
PATH: /usr/bin
PATH: /sbin
PATH: /bin
PATH: /usr/games


## ----------- ##
## Core tests. ##
## ----------- ##

configure:2342: checking for g++
configure:2358: found /usr/bin/g++
configure:2369: result: g++
configure:2396: checking for C++ compiler version
configure:2405: g++ --version >&5
g++ (Ubuntu/Linaro 4.6.3-1ubuntu5) 4.6.3
Copyright (C) 2011 Free Software Foundation, Inc.
This is free software; see the source for copying conditions.  There is NO
warranty; not even for MERCHANTABILITY or FITNESS FOR A PARTICULAR PURPOSE.

configure:2416: $? = 0
configure:2405: g++ -v >&5
Using built-in specs.
COLLECT_GCC=g++
COLLECT_LTO_WRAPPER=/usr/lib/gcc/x86_64-linux-gnu/4.6/lto-wrapper
Target: x86_64-linux-gnu
Configured with: ../src/configure -v --with-pkgversion='Ubuntu/Linaro 4.6.3-1ubuntu5' --with-bugurl=file:///usr/share/doc/gcc-4.6/README.Bugs --enable-languages=c,c++,fortran,objc,obj-c++ --prefix=/usr --program-suffix=-4.6 --enable-shared --enable-linker-build-id --with-system-zlib --libexecdir=/usr/lib --without-included-gettext --enable-threads=posix --with-gxx-include-dir=/usr/include/c++/4.6 --libdir=/usr/lib --enable-nls --with-sysroot=/ --enable-clocale=gnu --enable-libstdcxx-debug --enable-libstdcxx-time=yes --enable-gnu-unique-object --enable-plugin --enable-objc-gc --disable-werror --with-arch-32=i686 --with-tune=generic --enable-checking=release --build=x86_64-linux-gnu --host=x86_64-linux-gnu --target=x86_64-linux-gnu
Thread model: posix
gcc version 4.6.3 (Ubuntu/Linaro 4.6.3-1ubuntu5) 
configure:2416: $? = 0
configure:2405: g++ -V >&5
g++: error: unrecognized option '-V'
g++: fatal error: no input files
compilation terminated.
configure:2416: $? = 4
configure:2405: g++ -qversion >&5
g++: error: unrecognized option '-qversion'
g++: fatal error: no input files
compilation terminated.
configure:2416: $? = 4
configure:2436: checking whether the C++ compiler works
configure:2458: g++    conftest.cpp  >&5
configure:2462: $? = 0
configure:2510: result: yes
configure:2513: checking for C++ compiler default output file name
configure:2515: result: a.out
configure:2521: checking for suffix of executables
configure:2528: g++ -o conftest    conftest.cpp  >&5
configure:2532: $? = 0
configure:2554: result: 
configure:2576: checking whether we are cross compiling
configure:2584: g++ -o conftest    conftest.cpp  >&5
configure:2588: $? = 0
configure:2595: ./conftest
configure:2599: $? = 0
configure:2614: result: no
configure:2619: checking for suffix of object files
configure:2641: g++ -c   conftest.cpp >&5
configure:2645: $? = 0
configure:2666: result: o
configure:2670: checking whether we are using the GNU C++ compiler
configure:2689: g++ -c   conftest.cpp >&5
configure:2689: $? = 0
configure:2698: result: yes
configure:2707: checking whether g++ accepts -g
configure:2727: g++ -c -g  conftest.cpp >&5
configure:2727: $? = 0
configure:2768: result: yes
configure:2839: checking for gcc
configure:2855: found /usr/bin/gcc
configure:2866: result: gcc
configure:3095: checking for C compiler version
configure:3104: gcc --version >&5
gcc (Ubuntu/Linaro 4.6.3-1ubuntu5) 4.6.3
Copyright (C) 2011 Free Software Foundation, Inc.
This is free software; see the source for copying conditions.  There is NO
warranty; not even for MERCHANTABILITY or FITNESS FOR A PARTICULAR PURPOSE.

configure:3115: $? = 0
configure:3104: gcc -v >&5
Using built-in specs.
COLLECT_GCC=gcc
COLLECT_LTO_WRAPPER=/usr/lib/gcc/x86_64-linux-gnu/4.6/lto-wrapper
Target: x86_64-linux-gnu
Configured with: ../src/configure -v --with-pkgversion='Ubuntu/Linaro 4.6.3-1ubuntu5' --with-bugurl=file:///usr/share/doc/gcc-4.6/README.Bugs --enable-languages=c,c++,fortran,objc,obj-c++ --prefix=/usr --program-suffix=-4.6 --enable-shared --enable-linker-build-id --with-system-zlib --libexecdir=/usr/lib --without-included-gettext --enable-threads=posix --with-gxx-include-dir=/usr/include/c++/4.6 --libdir=/usr/lib --enable-nls --with-sysroot=/ --enable-clocale=gnu --enable-libstdcxx-debug --enable-libstdcxx-time=yes --enable-gnu-unique-object --enable-plugin --enable-objc-gc --disable-werror --with-arch-32=i686 --with-tune=generic --enable-checking=release --build=x86_64-linux-gnu --host=x86_64-linux-gnu --target=x86_64-linux-gnu
Thread model: posix
gcc version 4.6.3 (Ubuntu/Linaro 4.6.3-1ubuntu5) 
configure:3115: $? = 0
configure:3104: gcc -V >&5
gcc: error: unrecognized option '-V'
gcc: fatal error: no input files
compilation terminated.
configure:3115: $? = 4
configure:3104: gcc -qversion >&5
gcc: error: unrecognized option '-qversion'
gcc: fatal error: no input files
compilation terminated.
configure:3115: $? = 4
configure:3119: checking whether we are using the GNU C compiler
configure:3138: gcc -c   conftest.c >&5
configure:3138: $? = 0
configure:3147: result: yes
configure:3156: checking whether gcc accepts -g
configure:3176: gcc -c -g  conftest.c >&5
configure:3176: $? = 0
configure:3217: result: yes
configure:3234: checking for gcc option to accept ISO C89
configure:3298: gcc  -c -g -O2  conftest.c >&5
configure:3298: $? = 0
configure:3311: result: none needed
configure:3335: checking for main in -lcurl
configure:3354: gcc -o conftest -g -O2   conftest.c -lcurl   >&5
configure:3354: $? = 0
configure:3363: result: yes
configure:3375: checking for main in -ldl
configure:3394: gcc -o conftest -g -O2   conftest.c -ldl  -lcurl  >&5
configure:3394: $? = 0
configure:3403: result: yes
configure:3415: checking for main in -lpthread
configure:3434: gcc -o conftest -g -O2   conftest.c -lpthread  -ldl -lcurl  >&5
configure:3434: $? = 0
configure:3443: result: yes
configure:3455: checking for main in -lrt
configure:3474: gcc -o conftest -g -O2   conftest.c -lrt  -lpthread -ldl -lcurl  >&5
configure:3474: $? = 0
configure:3483: result: yes
configure:3501: checking how to run the C preprocessor
configure:3532: gcc -E  conftest.c
configure:3532: $? = 0
configure:3546: gcc -E  conftest.c
conftest.c:13:28: fatal error: ac_nonexistent.h: No such file or directory
compilation terminated.
configure:3546: $? = 1
configure: failed program was:
| /* confdefs.h */
| #define PACKAGE_NAME "FULL-PACKAGE-NAME"
| #define PACKAGE_TARNAME "full-package-name"
| #define PACKAGE_VERSION "VERSION"
| #define PACKAGE_STRING "FULL-PACKAGE-NAME VERSION"
| #define PACKAGE_BUGREPORT "BUG-REPORT-ADDRESS"
| #define PACKAGE_URL ""
| #define HAVE_LIBCURL 1
| #define HAVE_LIBDL 1
| #define HAVE_LIBPTHREAD 1
| #define HAVE_LIBRT 1
| /* end confdefs.h.  */
| #include <ac_nonexistent.h>
configure:3571: result: gcc -E
configure:3591: gcc -E  conftest.c
configure:3591: $? = 0
configure:3605: gcc -E  conftest.c
conftest.c:13:28: fatal error: ac_nonexistent.h: No such file or directory
compilation terminated.
configure:3605: $? = 1
configure: failed program was:
| /* confdefs.h */
| #define PACKAGE_NAME "FULL-PACKAGE-NAME"
| #define PACKAGE_TARNAME "full-package-name"
| #define PACKAGE_VERSION "VERSION"
| #define PACKAGE_STRING "FULL-PACKAGE-NAME VERSION"
| #define PACKAGE_BUGREPORT "BUG-REPORT-ADDRESS"
| #define PACKAGE_URL ""
| #define HAVE_LIBCURL 1
| #define HAVE_LIBDL 1
| #define HAVE_LIBPTHREAD 1
| #define HAVE_LIBRT 1
| /* end confdefs.h.  */
| #include <ac_nonexistent.h>
configure:3634: checking for grep that handles long lines and -e
configure:3692: result: /bin/grep
configure:3697: checking for egrep
configure:3759: result: /bin/grep -E
configure:3764: checking for ANSI C header files
configure:3784: gcc -c -g -O2  conftest.c >&5
configure:3784: $? = 0
configure:3857: gcc -o conftest -g -O2   conftest.c -lrt -lpthread -ldl -lcurl  >&5
configure:3857: $? = 0
configure:3857: ./conftest
configure:3857: $? = 0
configure:3868: result: yes
configure:3881: checking for sys/types.h
configure:3881: gcc -c -g -O2  conftest.c >&5
configure:3881: $? = 0
configure:3881: result: yes
configure:3881: checking for sys/stat.h
configure:3881: gcc -c -g -O2  conftest.c >&5
configure:3881: $? = 0
configure:3881: result: yes
configure:3881: checking for stdlib.h
configure:3881: gcc -c -g -O2  conftest.c >&5
configure:3881: $? = 0
configure:3881: result: yes
configure:3881: checking for string.h
configure:3881: gcc -c -g -O2  conftest.c >&5
configure:3881: $? = 0
configure:3881: result: yes
configure:3881: checking for memory.h
configure:3881: gcc -c -g -O2  conftest.c >&5
configure:3881: $? = 0
configure:3881: result: yes
configure:3881: checking for strings.h
configure:3881: gcc -c -g -O2  conftest.c >&5
configure:3881: $? = 0
configure:3881: result: yes
configure:3881: checking for inttypes.h
configure:3881: gcc -c -g -O2  conftest.c >&5
configure:3881: $? = 0
configure:3881: result: yes
configure:3881: checking for stdint.h
configure:3881: gcc -c -g -O2  conftest.c >&5
configure:3881: $? = 0
configure:3881: result: yes
configure:3881: checking for unistd.h
configure:3881: gcc -c -g -O2  conftest.c >&5
configure:3881: $? = 0
configure:3881: result: yes
configure:3896: checking arpa/inet.h usability
configure:3896: gcc -c -g -O2  conftest.c >&5
configure:3896: $? = 0
configure:3896: result: yes
configure:3896: checking arpa/inet.h presence
configure:3896: gcc -E  conftest.c
configure:3896: $? = 0
configure:3896: result: yes
configure:3896: checking for arpa/inet.h
configure:3896: result: yes
configure:3896: checking fcntl.h usability
configure:3896: gcc -c -g -O2  conftest.c >&5
configure:3896: $? = 0
configure:3896: result: yes
configure:3896: checking fcntl.h presence
configure:3896: gcc -E  conftest.c
configure:3896: $? = 0
configure:3896: result: yes
configure:3896: checking for fcntl.h
configure:3896: result: yes
configure:3896: checking float.h usability
configure:3896: gcc -c -g -O2  conftest.c >&5
configure:3896: $? = 0
configure:3896: result: yes
configure:3896: checking float.h presence
configure:3896: gcc -E  conftest.c
configure:3896: $? = 0
configure:3896: result: yes
configure:3896: checking for float.h
configure:3896: result: yes
configure:3896: checking limits.h usability
configure:3896: gcc -c -g -O2  conftest.c >&5
configure:3896: $? = 0
configure:3896: result: yes
configure:3896: checking limits.h presence
configure:3896: gcc -E  conftest.c
configure:3896: $? = 0
configure:3896: result: yes
configure:3896: checking for limits.h
configure:3896: result: yes
configure:3896: checking locale.h usability
configure:3896: gcc -c -g -O2  conftest.c >&5
configure:3896: $? = 0
configure:3896: result: yes
configure:3896: checking locale.h presence
configure:3896: gcc -E  conftest.c
configure:3896: $? = 0
configure:3896: result: yes
configure:3896: checking for locale.h
configure:3896: result: yes
configure:3896: checking for memory.h
configure:3896: result: yes
configure:3896: checking netdb.h usability
configure:3896: gcc -c -g -O2  conftest.c >&5
configure:3896: $? = 0
configure:3896: result: yes
configure:3896: checking netdb.h presence
configure:3896: gcc -E  conftest.c
configure:3896: $? = 0
configure:3896: result: yes
configure:3896: checking for netdb.h
configure:3896: result: yes
configure:3896: checking netinet/in.h usability
configure:3896: gcc -c -g -O2  conftest.c >&5
configure:3896: $? = 0
configure:3896: result: yes
configure:3896: checking netinet/in.h presence
configure:3896: gcc -E  conftest.c
configure:3896: $? = 0
configure:3896: result: yes
configure:3896: checking for netinet/in.h
configure:3896: result: yes
configure:3896: checking stddef.h usability
configure:3896: gcc -c -g -O2  conftest.c >&5
configure:3896: $? = 0
configure:3896: result: yes
configure:3896: checking stddef.h presence
configure:3896: gcc -E  conftest.c
configure:3896: $? = 0
configure:3896: result: yes
configure:3896: checking for stddef.h
configure:3896: result: yes
configure:3896: checking for stdint.h
configure:3896: result: yes
configure:3896: checking for stdlib.h
configure:3896: result: yes
configure:3896: checking for string.h
configure:3896: result: yes
configure:3896: checking for strings.h
configure:3896: result: yes
configure:3896: checking sys/ioctl.h usability
configure:3896: gcc -c -g -O2  conftest.c >&5
configure:3896: $? = 0
configure:3896: result: yes
configure:3896: checking sys/ioctl.h presence
configure:3896: gcc -E  conftest.c
configure:3896: $? = 0
configure:3896: result: yes
configure:3896: checking for sys/ioctl.h
configure:3896: result: yes
configure:3896: checking sys/socket.h usability
configure:3896: gcc -c -g -O2  conftest.c >&5
configure:3896: $? = 0
configure:3896: result: yes
configure:3896: checking sys/socket.h presence
configure:3896: gcc -E  conftest.c
configure:3896: $? = 0
configure:3896: result: yes
configure:3896: checking for sys/socket.h
configure:3896: result: yes
configure:3896: checking sys/time.h usability
configure:3896: gcc -c -g -O2  conftest.c >&5
configure:3896: $? = 0
configure:3896: result: yes
configure:3896: checking sys/time.h presence
configure:3896: gcc -E  conftest.c
configure:3896: $? = 0
configure:3896: result: yes
configure:3896: checking for sys/time.h
configure:3896: result: yes
configure:3896: checking sys/timeb.h usability
configure:3896: gcc -c -g -O2  conftest.c >&5
configure:3896: $? = 0
configure:3896: result: yes
configure:3896: checking sys/timeb.h presence
configure:3896: gcc -E  conftest.c
configure:3896: $? = 0
configure:3896: result: yes
configure:3896: checking for sys/timeb.h
configure:3896: result: yes
configure:3896: checking syslog.h usability
configure:3896: gcc -c -g -O2  conftest.c >&5
configure:3896: $? = 0
configure:3896: result: yes
configure:3896: checking syslog.h presence
configure:3896: gcc -E  conftest.c
configure:3896: $? = 0
configure:3896: result: yes
configure:3896: checking for syslog.h
configure:3896: result: yes
configure:3896: checking termios.h usability
configure:3896: gcc -c -g -O2  conftest.c >&5
configure:3896: $? = 0
configure:3896: result: yes
configure:3896: checking termios.h presence
configure:3896: gcc -E  conftest.c
configure:3896: $? = 0
configure:3896: result: yes
configure:3896: checking for termios.h
configure:3896: result: yes
configure:3896: checking for unistd.h
configure:3896: result: yes
configure:3908: checking for stdbool.h that conforms to C99
configure:3975: gcc -c -g -O2  conftest.c >&5
configure:3975: $? = 0
configure:3982: result: yes
configure:3984: checking for _Bool
configure:3984: gcc -c -g -O2  conftest.c >&5
configure:3984: $? = 0
configure:3984: gcc -c -g -O2  conftest.c >&5
conftest.c: In function 'main':
conftest.c:79:20: error: expected expression before ')' token
configure:3984: $? = 1
configure: failed program was:
| /* confdefs.h */
| #define PACKAGE_NAME "FULL-PACKAGE-NAME"
| #define PACKAGE_TARNAME "full-package-name"
| #define PACKAGE_VERSION "VERSION"
| #define PACKAGE_STRING "FULL-PACKAGE-NAME VERSION"
| #define PACKAGE_BUGREPORT "BUG-REPORT-ADDRESS"
| #define PACKAGE_URL ""
| #define HAVE_LIBCURL 1
| #define HAVE_LIBDL 1
| #define HAVE_LIBPTHREAD 1
| #define HAVE_LIBRT 1
| #define STDC_HEADERS 1
| #define HAVE_SYS_TYPES_H 1
| #define HAVE_SYS_STAT_H 1
| #define HAVE_STDLIB_H 1
| #define HAVE_STRING_H 1
| #define HAVE_MEMORY_H 1
| #define HAVE_STRINGS_H 1
| #define HAVE_INTTYPES_H 1
| #define HAVE_STDINT_H 1
| #define HAVE_UNISTD_H 1
| #define HAVE_ARPA_INET_H 1
| #define HAVE_FCNTL_H 1
| #define HAVE_FLOAT_H 1
| #define HAVE_LIMITS_H 1
| #define HAVE_LOCALE_H 1
| #define HAVE_MEMORY_H 1
| #define HAVE_NETDB_H 1
| #define HAVE_NETINET_IN_H 1
| #define HAVE_STDDEF_H 1
| #define HAVE_STDINT_H 1
| #define HAVE_STDLIB_H 1
| #define HAVE_STRING_H 1
| #define HAVE_STRINGS_H 1
| #define HAVE_SYS_IOCTL_H 1
| #define HAVE_SYS_SOCKET_H 1
| #define HAVE_SYS_TIME_H 1
| #define HAVE_SYS_TIMEB_H 1
| #define HAVE_SYSLOG_H 1
| #define HAVE_TERMIOS_H 1
| #define HAVE_UNISTD_H 1
| /* end confdefs.h.  */
| #include <stdio.h>
| #ifdef HAVE_SYS_TYPES_H
| # include <sys/types.h>
| #endif
| #ifdef HAVE_SYS_STAT_H
| # include <sys/stat.h>
| #endif
| #ifdef STDC_HEADERS
| # include <stdlib.h>
| # include <stddef.h>
| #else
| # ifdef HAVE_STDLIB_H
| #  include <stdlib.h>
| # endif
| #endif
| #ifdef HAVE_STRING_H
| # if !defined STDC_HEADERS && defined HAVE_MEMORY_H
| #  include <memory.h>
| # endif
| # include <string.h>
| #endif
| #ifdef HAVE_STRINGS_H
| # include <strings.h>
| #endif
| #ifdef HAVE_INTTYPES_H
| # include <inttypes.h>
| #endif
| #ifdef HAVE_STDINT_H
| # include <stdint.h>
| #endif
| #ifdef HAVE_UNISTD_H
| # include <unistd.h>
| #endif
| int
| main ()
| {
| if (sizeof ((_Bool)))
| 	    return 0;
|   ;
|   return 0;
| }
configure:3984: result: yes
configure:4000: checking for off_t
configure:4000: gcc -c -g -O2  conftest.c >&5
configure:4000: $? = 0
configure:4000: gcc -c -g -O2  conftest.c >&5
conftest.c: In function 'main':
conftest.c:81:20: error: expected expression before ')' token
configure:4000: $? = 1
configure: failed program was:
| /* confdefs.h */
| #define PACKAGE_NAME "FULL-PACKAGE-NAME"
| #define PACKAGE_TARNAME "full-package-name"
| #define PACKAGE_VERSION "VERSION"
| #define PACKAGE_STRING "FULL-PACKAGE-NAME VERSION"
| #define PACKAGE_BUGREPORT "BUG-REPORT-ADDRESS"
| #define PACKAGE_URL ""
| #define HAVE_LIBCURL 1
| #define HAVE_LIBDL 1
| #define HAVE_LIBPTHREAD 1
| #define HAVE_LIBRT 1
| #define STDC_HEADERS 1
| #define HAVE_SYS_TYPES_H 1
| #define HAVE_SYS_STAT_H 1
| #define HAVE_STDLIB_H 1
| #define HAVE_STRING_H 1
| #define HAVE_MEMORY_H 1
| #define HAVE_STRINGS_H 1
| #define HAVE_INTTYPES_H 1
| #define HAVE_STDINT_H 1
| #define HAVE_UNISTD_H 1
| #define HAVE_ARPA_INET_H 1
| #define HAVE_FCNTL_H 1
| #define HAVE_FLOAT_H 1
| #define HAVE_LIMITS_H 1
| #define HAVE_LOCALE_H 1
| #define HAVE_MEMORY_H 1
| #define HAVE_NETDB_H 1
| #define HAVE_NETINET_IN_H 1
| #define HAVE_STDDEF_H 1
| #define HAVE_STDINT_H 1
| #define HAVE_STDLIB_H 1
| #define HAVE_STRING_H 1
| #define HAVE_STRINGS_H 1
| #define HAVE_SYS_IOCTL_H 1
| #define HAVE_SYS_SOCKET_H 1
| #define HAVE_SYS_TIME_H 1
| #define HAVE_SYS_TIMEB_H 1
| #define HAVE_SYSLOG_H 1
| #define HAVE_TERMIOS_H 1
| #define HAVE_UNISTD_H 1
| #define HAVE__BOOL 1
| #define HAVE_STDBOOL_H 1
| /* end confdefs.h.  */
| #include <stdio.h>
| #ifdef HAVE_SYS_TYPES_H
| # include <sys/types.h>
| #endif
| #ifdef HAVE_SYS_STAT_H
| # include <sys/stat.h>
| #endif
| #ifdef STDC_HEADERS
| # include <stdlib.h>
| # include <stddef.h>
| #else
| # ifdef HAVE_STDLIB_H
| #  include <stdlib.h>
| # endif
| #endif
| #ifdef HAVE_STRING_H
| # if !defined STDC_HEADERS && defined HAVE_MEMORY_H
| #  include <memory.h>
| # endif
| # include <string.h>
| #endif
| #ifdef HAVE_STRINGS_H
| # include <strings.h>
| #endif
| #ifdef HAVE_INTTYPES_H
| # include <inttypes.h>
| #endif
| #ifdef HAVE_STDINT_H
| # include <stdint.h>
| #endif
| #ifdef HAVE_UNISTD_H
| # include <unistd.h>
| #endif
| int
| main ()
| {
| if (sizeof ((off_t)))
| 	    return 0;
|   ;
|   return 0;
| }
configure:4000: result: yes
configure:4011: checking for pid_t
configure:4011: gcc -c -g -O2  conftest.c >&5
configure:4011: $? = 0
configure:4011: gcc -c -g -O2  conftest.c >&5
conftest.c: In function 'main':
conftest.c:81:20: error: expected expression before ')' token
configure:4011: $? = 1
configure: failed program was:
| /* confdefs.h */
| #define PACKAGE_NAME "FULL-PACKAGE-NAME"
| #define PACKAGE_TARNAME "full-package-name"
| #define PACKAGE_VERSION "VERSION"
| #define PACKAGE_STRING "FULL-PACKAGE-NAME VERSION"
| #define PACKAGE_BUGREPORT "BUG-REPORT-ADDRESS"
| #define PACKAGE_URL ""
| #define HAVE_LIBCURL 1
| #define HAVE_LIBDL 1
| #define HAVE_LIBPTHREAD 1
| #define HAVE_LIBRT 1
| #define STDC_HEADERS 1
| #define HAVE_SYS_TYPES_H 1
| #define HAVE_SYS_STAT_H 1
| #define HAVE_STDLIB_H 1
| #define HAVE_STRING_H 1
| #define HAVE_MEMORY_H 1
| #define HAVE_STRINGS_H 1
| #define HAVE_INTTYPES_H 1
| #define HAVE_STDINT_H 1
| #define HAVE_UNISTD_H 1
| #define HAVE_ARPA_INET_H 1
| #define HAVE_FCNTL_H 1
| #define HAVE_FLOAT_H 1
| #define HAVE_LIMITS_H 1
| #define HAVE_LOCALE_H 1
| #define HAVE_MEMORY_H 1
| #define HAVE_NETDB_H 1
| #define HAVE_NETINET_IN_H 1
| #define HAVE_STDDEF_H 1
| #define HAVE_STDINT_H 1
| #define HAVE_STDLIB_H 1
| #define HAVE_STRING_H 1
| #define HAVE_STRINGS_H 1
| #define HAVE_SYS_IOCTL_H 1
| #define HAVE_SYS_SOCKET_H 1
| #define HAVE_SYS_TIME_H 1
| #define HAVE_SYS_TIMEB_H 1
| #define HAVE_SYSLOG_H 1
| #define HAVE_TERMIOS_H 1
| #define HAVE_UNISTD_H 1
| #define HAVE__BOOL 1
| #define HAVE_STDBOOL_H 1
| /* end confdefs.h.  */
| #include <stdio.h>
| #ifdef HAVE_SYS_TYPES_H
| # include <sys/types.h>
| #endif
| #ifdef HAVE_SYS_STAT_H
| # include <sys/stat.h>
| #endif
| #ifdef STDC_HEADERS
| # include <stdlib.h>
| # include <stddef.h>
| #else
| # ifdef HAVE_STDLIB_H
| #  include <stdlib.h>
| # endif
| #endif
| #ifdef HAVE_STRING_H
| # if !defined STDC_HEADERS && defined HAVE_MEMORY_H
| #  include <memory.h>
| # endif
| # include <string.h>
| #endif
| #ifdef HAVE_STRINGS_H
| # include <strings.h>
| #endif
| #ifdef HAVE_INTTYPES_H
| # include <inttypes.h>
| #endif
| #ifdef HAVE_STDINT_H
| # include <stdint.h>
| #endif
| #ifdef HAVE_UNISTD_H
| # include <unistd.h>
| #endif
| int
| main ()
| {
| if (sizeof ((pid_t)))
| 	    return 0;
|   ;
|   return 0;
| }
configure:4011: result: yes
configure:4022: checking for size_t
configure:4022: gcc -c -g -O2  conftest.c >&5
configure:4022: $? = 0
configure:4022: gcc -c -g -O2  conftest.c >&5
conftest.c: In function 'main':
conftest.c:81:21: error: expected expression before ')' token
configure:4022: $? = 1
configure: failed program was:
| /* confdefs.h */
| #define PACKAGE_NAME "FULL-PACKAGE-NAME"
| #define PACKAGE_TARNAME "full-package-name"
| #define PACKAGE_VERSION "VERSION"
| #define PACKAGE_STRING "FULL-PACKAGE-NAME VERSION"
| #define PACKAGE_BUGREPORT "BUG-REPORT-ADDRESS"
| #define PACKAGE_URL ""
| #define HAVE_LIBCURL 1
| #define HAVE_LIBDL 1
| #define HAVE_LIBPTHREAD 1
| #define HAVE_LIBRT 1
| #define STDC_HEADERS 1
| #define HAVE_SYS_TYPES_H 1
| #define HAVE_SYS_STAT_H 1
| #define HAVE_STDLIB_H 1
| #define HAVE_STRING_H 1
| #define HAVE_MEMORY_H 1
| #define HAVE_STRINGS_H 1
| #define HAVE_INTTYPES_H 1
| #define HAVE_STDINT_H 1
| #define HAVE_UNISTD_H 1
| #define HAVE_ARPA_INET_H 1
| #define HAVE_FCNTL_H 1
| #define HAVE_FLOAT_H 1
| #define HAVE_LIMITS_H 1
| #define HAVE_LOCALE_H 1
| #define HAVE_MEMORY_H 1
| #define HAVE_NETDB_H 1
| #define HAVE_NETINET_IN_H 1
| #define HAVE_STDDEF_H 1
| #define HAVE_STDINT_H 1
| #define HAVE_STDLIB_H 1
| #define HAVE_STRING_H 1
| #define HAVE_STRINGS_H 1
| #define HAVE_SYS_IOCTL_H 1
| #define HAVE_SYS_SOCKET_H 1
| #define HAVE_SYS_TIME_H 1
| #define HAVE_SYS_TIMEB_H 1
| #define HAVE_SYSLOG_H 1
| #define HAVE_TERMIOS_H 1
| #define HAVE_UNISTD_H 1
| #define HAVE__BOOL 1
| #define HAVE_STDBOOL_H 1
| /* end confdefs.h.  */
| #include <stdio.h>
| #ifdef HAVE_SYS_TYPES_H
| # include <sys/types.h>
| #endif
| #ifdef HAVE_SYS_STAT_H
| # include <sys/stat.h>
| #endif
| #ifdef STDC_HEADERS
| # include <stdlib.h>
| # include <stddef.h>
| #else
| # ifdef HAVE_STDLIB_H
| #  include <stdlib.h>
| # endif
| #endif
| #ifdef HAVE_STRING_H
| # if !defined STDC_HEADERS && defined HAVE_MEMORY_H
| #  include <memory.h>
| # endif
| # include <string.h>
| #endif
| #ifdef HAVE_STRINGS_H
| # include <strings.h>
| #endif
| #ifdef HAVE_INTTYPES_H
| # include <inttypes.h>
| #endif
| #ifdef HAVE_STDINT_H
| # include <stdint.h>
| #endif
| #ifdef HAVE_UNISTD_H
| # include <unistd.h>
| #endif
| int
| main ()
| {
| if (sizeof ((size_t)))
| 	    return 0;
|   ;
|   return 0;
| }
configure:4022: result: yes
configure:4033: checking for uint16_t
configure:4033: gcc -c -g -O2  conftest.c >&5
configure:4033: $? = 0
configure:4033: result: yes
configure:4045: checking for uint32_t
configure:4045: gcc -c -g -O2  conftest.c >&5
configure:4045: $? = 0
configure:4045: result: yes
configure:4059: checking for uint8_t
configure:4059: gcc -c -g -O2  conftest.c >&5
configure:4059: $? = 0
configure:4059: result: yes
configure:4077: checking vfork.h usability
configure:4077: gcc -c -g -O2  conftest.c >&5
conftest.c:78:19: fatal error: vfork.h: No such file or directory
compilation terminated.
configure:4077: $? = 1
configure: failed program was:
| /* confdefs.h */
| #define PACKAGE_NAME "FULL-PACKAGE-NAME"
| #define PACKAGE_TARNAME "full-package-name"
| #define PACKAGE_VERSION "VERSION"
| #define PACKAGE_STRING "FULL-PACKAGE-NAME VERSION"
| #define PACKAGE_BUGREPORT "BUG-REPORT-ADDRESS"
| #define PACKAGE_URL ""
| #define HAVE_LIBCURL 1
| #define HAVE_LIBDL 1
| #define HAVE_LIBPTHREAD 1
| #define HAVE_LIBRT 1
| #define STDC_HEADERS 1
| #define HAVE_SYS_TYPES_H 1
| #define HAVE_SYS_STAT_H 1
| #define HAVE_STDLIB_H 1
| #define HAVE_STRING_H 1
| #define HAVE_MEMORY_H 1
| #define HAVE_STRINGS_H 1
| #define HAVE_INTTYPES_H 1
| #define HAVE_STDINT_H 1
| #define HAVE_UNISTD_H 1
| #define HAVE_ARPA_INET_H 1
| #define HAVE_FCNTL_H 1
| #define HAVE_FLOAT_H 1
| #define HAVE_LIMITS_H 1
| #define HAVE_LOCALE_H 1
| #define HAVE_MEMORY_H 1
| #define HAVE_NETDB_H 1
| #define HAVE_NETINET_IN_H 1
| #define HAVE_STDDEF_H 1
| #define HAVE_STDINT_H 1
| #define HAVE_STDLIB_H 1
| #define HAVE_STRING_H 1
| #define HAVE_STRINGS_H 1
| #define HAVE_SYS_IOCTL_H 1
| #define HAVE_SYS_SOCKET_H 1
| #define HAVE_SYS_TIME_H 1
| #define HAVE_SYS_TIMEB_H 1
| #define HAVE_SYSLOG_H 1
| #define HAVE_TERMIOS_H 1
| #define HAVE_UNISTD_H 1
| #define HAVE__BOOL 1
| #define HAVE_STDBOOL_H 1
| /* end confdefs.h.  */
| #include <stdio.h>
| #ifdef HAVE_SYS_TYPES_H
| # include <sys/types.h>
| #endif
| #ifdef HAVE_SYS_STAT_H
| # include <sys/stat.h>
| #endif
| #ifdef STDC_HEADERS
| # include <stdlib.h>
| # include <stddef.h>
| #else
| # ifdef HAVE_STDLIB_H
| #  include <stdlib.h>
| # endif
| #endif
| #ifdef HAVE_STRING_H
| # if !defined STDC_HEADERS && defined HAVE_MEMORY_H
| #  include <memory.h>
| # endif
| # include <string.h>
| #endif
| #ifdef HAVE_STRINGS_H
| # include <strings.h>
| #endif
| #ifdef HAVE_INTTYPES_H
| # include <inttypes.h>
| #endif
| #ifdef HAVE_STDINT_H
| # include <stdint.h>
| #endif
| #ifdef HAVE_UNISTD_H
| # include <unistd.h>
| #endif
| #include <vfork.h>
configure:4077: result: no
configure:4077: checking vfork.h presence
configure:4077: gcc -E  conftest.c
conftest.c:45:19: fatal error: vfork.h: No such file or directory
compilation terminated.
configure:4077: $? = 1
configure: failed program was:
| /* confdefs.h */
| #define PACKAGE_NAME "FULL-PACKAGE-NAME"
| #define PACKAGE_TARNAME "full-package-name"
| #define PACKAGE_VERSION "VERSION"
| #define PACKAGE_STRING "FULL-PACKAGE-NAME VERSION"
| #define PACKAGE_BUGREPORT "BUG-REPORT-ADDRESS"
| #define PACKAGE_URL ""
| #define HAVE_LIBCURL 1
| #define HAVE_LIBDL 1
| #define HAVE_LIBPTHREAD 1
| #define HAVE_LIBRT 1
| #define STDC_HEADERS 1
| #define HAVE_SYS_TYPES_H 1
| #define HAVE_SYS_STAT_H 1
| #define HAVE_STDLIB_H 1
| #define HAVE_STRING_H 1
| #define HAVE_MEMORY_H 1
| #define HAVE_STRINGS_H 1
| #define HAVE_INTTYPES_H 1
| #define HAVE_STDINT_H 1
| #define HAVE_UNISTD_H 1
| #define HAVE_ARPA_INET_H 1
| #define HAVE_FCNTL_H 1
| #define HAVE_FLOAT_H 1
| #define HAVE_LIMITS_H 1
| #define HAVE_LOCALE_H 1
| #define HAVE_MEMORY_H 1
| #define HAVE_NETDB_H 1
| #define HAVE_NETINET_IN_H 1
| #define HAVE_STDDEF_H 1
| #define HAVE_STDINT_H 1
| #define HAVE_STDLIB_H 1
| #define HAVE_STRING_H 1
| #define HAVE_STRINGS_H 1
| #define HAVE_SYS_IOCTL_H 1
| #define HAVE_SYS_SOCKET_H 1
| #define HAVE_SYS_TIME_H 1
| #define HAVE_SYS_TIMEB_H 1
| #define HAVE_SYSLOG_H 1
| #define HAVE_TERMIOS_H 1
| #define HAVE_UNISTD_H 1
| #define HAVE__BOOL 1
| #define HAVE_STDBOOL_H 1
| /* end confdefs.h.  */
| #include <vfork.h>
configure:4077: result: no
configure:4077: checking for vfork.h
configure:4077: result: no
configure:4090: checking for fork
configure:4090: gcc -o conftest -g -O2   conftest.c -lrt -lpthread -ldl -lcurl  >&5
conftest.c:68:6: warning: conflicting types for built-in function 'fork' [enabled by default]
configure:4090: $? = 0
configure:4090: result: yes
configure:4090: checking for vfork
configure:4090: gcc -o conftest -g -O2   conftest.c -lrt -lpthread -ldl -lcurl  >&5
configure:4090: $? = 0
configure:4090: result: yes
configure:4100: checking for working fork
configure:4122: gcc -o conftest -g -O2   conftest.c -lrt -lpthread -ldl -lcurl  >&5
configure:4122: $? = 0
configure:4122: ./conftest
configure:4122: $? = 0
configure:4132: result: yes
configure:4153: checking for working vfork
configure:4263: result: yes
configure:4290: checking for stdlib.h
configure:4290: result: yes
configure:4300: checking for GNU libc compatible malloc
configure:4324: gcc -o conftest -g -O2   conftest.c -lrt -lpthread -ldl -lcurl  >&5
configure:4324: $? = 0
configure:4324: ./conftest
configure:4324: $? = 0
configure:4334: result: yes
configure:4355: checking whether time.h and sys/time.h may both be included
configure:4375: gcc -c -g -O2  conftest.c >&5
configure:4375: $? = 0
configure:4382: result: yes
configure:4396: checking for sys/time.h
configure:4396: result: yes
configure:4396: checking for unistd.h
configure:4396: result: yes
configure:4417: checking for alarm
configure:4417: gcc -o conftest -g -O2   conftest.c -lrt -lpthread -ldl -lcurl  >&5
configure:4417: $? = 0
configure:4417: result: yes
configure:4430: checking for working mktime
configure:4632: gcc -o conftest -g -O2   conftest.c -lrt -lpthread -ldl -lcurl  >&5
configure:4632: $? = 0
configure:4632: ./conftest
configure:4632: $? = 0
configure:4642: result: yes
configure:4653: checking whether strerror_r is declared
configure:4653: gcc -c -g -O2  conftest.c >&5
configure:4653: $? = 0
configure:4653: result: yes
configure:4666: checking for strerror_r
configure:4666: gcc -o conftest -g -O2   conftest.c -lrt -lpthread -ldl -lcurl  >&5
configure:4666: $? = 0
configure:4666: result: yes
configure:4675: checking whether strerror_r returns char *
configure:4699: gcc -c -g -O2  conftest.c >&5
conftest.c: In function 'main':
conftest.c:95:13: error: invalid type argument of unary '*' (have 'int')
conftest.c:96:14: warning: initialization makes pointer from integer without a cast [enabled by default]
configure:4699: $? = 1
configure: failed program was:
| /* confdefs.h */
| #define PACKAGE_NAME "FULL-PACKAGE-NAME"
| #define PACKAGE_TARNAME "full-package-name"
| #define PACKAGE_VERSION "VERSION"
| #define PACKAGE_STRING "FULL-PACKAGE-NAME VERSION"
| #define PACKAGE_BUGREPORT "BUG-REPORT-ADDRESS"
| #define PACKAGE_URL ""
| #define HAVE_LIBCURL 1
| #define HAVE_LIBDL 1
| #define HAVE_LIBPTHREAD 1
| #define HAVE_LIBRT 1
| #define STDC_HEADERS 1
| #define HAVE_SYS_TYPES_H 1
| #define HAVE_SYS_STAT_H 1
| #define HAVE_STDLIB_H 1
| #define HAVE_STRING_H 1
| #define HAVE_MEMORY_H 1
| #define HAVE_STRINGS_H 1
| #define HAVE_INTTYPES_H 1
| #define HAVE_STDINT_H 1
| #define HAVE_UNISTD_H 1
| #define HAVE_ARPA_INET_H 1
| #define HAVE_FCNTL_H 1
| #define HAVE_FLOAT_H 1
| #define HAVE_LIMITS_H 1
| #define HAVE_LOCALE_H 1
| #define HAVE_MEMORY_H 1
| #define HAVE_NETDB_H 1
| #define HAVE_NETINET_IN_H 1
| #define HAVE_STDDEF_H 1
| #define HAVE_STDINT_H 1
| #define HAVE_STDLIB_H 1
| #define HAVE_STRING_H 1
| #define HAVE_STRINGS_H 1
| #define HAVE_SYS_IOCTL_H 1
| #define HAVE_SYS_SOCKET_H 1
| #define HAVE_SYS_TIME_H 1
| #define HAVE_SYS_TIMEB_H 1
| #define HAVE_SYSLOG_H 1
| #define HAVE_TERMIOS_H 1
| #define HAVE_UNISTD_H 1
| #define HAVE__BOOL 1
| #define HAVE_STDBOOL_H 1
| #define HAVE_FORK 1
| #define HAVE_VFORK 1
| #define HAVE_WORKING_VFORK 1
| #define HAVE_WORKING_FORK 1
| #define HAVE_STDLIB_H 1
| #define HAVE_MALLOC 1
| #define TIME_WITH_SYS_TIME 1
| #define HAVE_SYS_TIME_H 1
| #define HAVE_UNISTD_H 1
| #define HAVE_ALARM 1
| #define HAVE_DECL_STRERROR_R 1
| #define HAVE_STRERROR_R 1
| /* end confdefs.h.  */
| #include <stdio.h>
| #ifdef HAVE_SYS_TYPES_H
| # include <sys/types.h>
| #endif
| #ifdef HAVE_SYS_STAT_H
| # include <sys/stat.h>
| #endif
| #ifdef STDC_HEADERS
| # include <stdlib.h>
| # include <stddef.h>
| #else
| # ifdef HAVE_STDLIB_H
| #  include <stdlib.h>
| # endif
| #endif
| #ifdef HAVE_STRING_H
| # if !defined STDC_HEADERS && defined HAVE_MEMORY_H
| #  include <memory.h>
| # endif
| # include <string.h>
| #endif
| #ifdef HAVE_STRINGS_H
| # include <strings.h>
| #endif
| #ifdef HAVE_INTTYPES_H
| # include <inttypes.h>
| #endif
| #ifdef HAVE_STDINT_H
| # include <stdint.h>
| #endif
| #ifdef HAVE_UNISTD_H
| # include <unistd.h>
| #endif
| int
| main ()
| {
| 
| 	  char buf[100];
| 	  char x = *strerror_r (0, buf, sizeof buf);
| 	  char *p = strerror_r (0, buf, sizeof buf);
| 	  return !p || x;
| 
|   ;
|   return 0;
| }
configure:4737: result: no
configure:4745: checking for working strtod
configure:4786: gcc -o conftest -g -O2   conftest.c -lrt -lpthread -ldl -lcurl  >&5
conftest.c: In function 'main':
conftest.c:112:12: warning: ignoring return value of 'strtod', declared with attribute warn_unused_result [-Wunused-result]
configure:4786: $? = 0
configure:4786: ./conftest
configure:4786: $? = 0
configure:4796: result: yes
configure:4861: checking for ftime
configure:4861: gcc -o conftest -g -O2   conftest.c -lrt -lpthread -ldl -lcurl  >&5
configure:4861: $? = 0
configure:4861: result: yes
configure:4861: checking for ftruncate
configure:4861: gcc -o conftest -g -O2   conftest.c -lrt -lpthread -ldl -lcurl  >&5
configure:4861: $? = 0
configure:4861: result: yes
configure:4861: checking for gethostbyname
configure:4861: gcc -o conftest -g -O2   conftest.c -lrt -lpthread -ldl -lcurl  >&5
configure:4861: $? = 0
configure:4861: result: yes
configure:4861: checking for gettimeofday
configure:4861: gcc -o conftest -g -O2   conftest.c -lrt -lpthread -ldl -lcurl  >&5
configure:4861: $? = 0
configure:4861: result: yes
configure:4861: checking for localtime_r
configure:4861: gcc -o conftest -g -O2   conftest.c -lrt -lpthread -ldl -lcurl  >&5
configure:4861: $? = 0
configure:4861: result: yes
configure:4861: checking for memmove
configure:4861: gcc -o conftest -g -O2   conftest.c -lrt -lpthread -ldl -lcurl  >&5
conftest.c:85:6: warning: conflicting types for built-in function 'memmove' [enabled by default]
configure:4861: $? = 0
configure:4861: result: yes
configure:4861: checking for memset
configure:4861: gcc -o conftest -g -O2   conftest.c -lrt -lpthread -ldl -lcurl  >&5
conftest.c:86:6: warning: conflicting types for built-in function 'memset' [enabled by default]
configure:4861: $? = 0
configure:4861: result: yes
configure:4861: checking for mkdir
configure:4861: gcc -o conftest -g -O2   conftest.c -lrt -lpthread -ldl -lcurl  >&5
configure:4861: $? = 0
configure:4861: result: yes
configure:4861: checking for select
configure:4861: gcc -o conftest -g -O2   conftest.c -lrt -lpthread -ldl -lcurl  >&5
configure:4861: $? = 0
configure:4861: result: yes
configure:4861: checking for socket
configure:4861: gcc -o conftest -g -O2   conftest.c -lrt -lpthread -ldl -lcurl  >&5
configure:4861: $? = 0
configure:4861: result: yes
configure:4861: checking for strchr
configure:4861: gcc -o conftest -g -O2   conftest.c -lrt -lpthread -ldl -lcurl  >&5
conftest.c:90:6: warning: conflicting types for built-in function 'strchr' [enabled by default]
configure:4861: $? = 0
configure:4861: result: yes
configure:4861: checking for strerror
configure:4861: gcc -o conftest -g -O2   conftest.c -lrt -lpthread -ldl -lcurl  >&5
configure:4861: $? = 0
configure:4861: result: yes
configure:4861: checking for strstr
configure:4861: gcc -o conftest -g -O2   conftest.c -lrt -lpthread -ldl -lcurl  >&5
conftest.c:92:6: warning: conflicting types for built-in function 'strstr' [enabled by default]
configure:4861: $? = 0
configure:4861: result: yes
configure:4861: checking for strtoull
configure:4861: gcc -o conftest -g -O2   conftest.c -lrt -lpthread -ldl -lcurl  >&5
configure:4861: $? = 0
configure:4861: result: yes
configure:4987: creating ./config.status

## ---------------------- ##
## Running config.status. ##
## ---------------------- ##

This file was extended by FULL-PACKAGE-NAME config.status VERSION, which was
generated by GNU Autoconf 2.68.  Invocation command line was

  CONFIG_FILES    = 
  CONFIG_HEADERS  = 
  CONFIG_LINKS    = 
  CONFIG_COMMANDS = 
  $ ./config.status 

on bobi

config.status:870: creating AgilartRT/Debug/makefile
config.status:870: creating Common/Debug/makefile
config.status:870: creating Devices/Debug/makefile
config.status:870: creating Drivers/Debug/makefile
config.status:870: creating makefile
config.status:870: creating config.h

## ---------------- ##
## Cache variables. ##
## ---------------- ##

ac_cv_c_compiler_gnu=yes
ac_cv_c_uint16_t=yes
ac_cv_c_uint32_t=yes
ac_cv_c_uint8_t=yes
ac_cv_cxx_compiler_gnu=yes
ac_cv_env_CCC_set=
ac_cv_env_CCC_value=
ac_cv_env_CC_set=
ac_cv_env_CC_value=
ac_cv_env_CFLAGS_set=
ac_cv_env_CFLAGS_value=
ac_cv_env_CPPFLAGS_set=
ac_cv_env_CPPFLAGS_value=
ac_cv_env_CPP_set=
ac_cv_env_CPP_value=
ac_cv_env_CXXFLAGS_set=
ac_cv_env_CXXFLAGS_value=
ac_cv_env_CXX_set=
ac_cv_env_CXX_value=
ac_cv_env_LDFLAGS_set=
ac_cv_env_LDFLAGS_value=
ac_cv_env_LIBS_set=
ac_cv_env_LIBS_value=
ac_cv_env_build_alias_set=
ac_cv_env_build_alias_value=
ac_cv_env_host_alias_set=
ac_cv_env_host_alias_value=
ac_cv_env_target_alias_set=
ac_cv_env_target_alias_value=
ac_cv_func_alarm=yes
ac_cv_func_fork=yes
ac_cv_func_fork_works=yes
ac_cv_func_ftime=yes
ac_cv_func_ftruncate=yes
ac_cv_func_gethostbyname=yes
ac_cv_func_gettimeofday=yes
ac_cv_func_localtime_r=yes
ac_cv_func_malloc_0_nonnull=yes
ac_cv_func_memmove=yes
ac_cv_func_memset=yes
ac_cv_func_mkdir=yes
ac_cv_func_select=yes
ac_cv_func_socket=yes
ac_cv_func_strchr=yes
ac_cv_func_strerror=yes
ac_cv_func_strerror_r=yes
ac_cv_func_strerror_r_char_p=no
ac_cv_func_strstr=yes
ac_cv_func_strtod=yes
ac_cv_func_strtoull=yes
ac_cv_func_vfork=yes
ac_cv_func_vfork_works=yes
ac_cv_func_working_mktime=yes
ac_cv_have_decl_strerror_r=yes
ac_cv_header_arpa_inet_h=yes
ac_cv_header_fcntl_h=yes
ac_cv_header_float_h=yes
ac_cv_header_inttypes_h=yes
ac_cv_header_limits_h=yes
ac_cv_header_locale_h=yes
ac_cv_header_memory_h=yes
ac_cv_header_netdb_h=yes
ac_cv_header_netinet_in_h=yes
ac_cv_header_stdbool_h=yes
ac_cv_header_stdc=yes
ac_cv_header_stddef_h=yes
ac_cv_header_stdint_h=yes
ac_cv_header_stdlib_h=yes
ac_cv_header_string_h=yes
ac_cv_header_strings_h=yes
ac_cv_header_sys_ioctl_h=yes
ac_cv_header_sys_socket_h=yes
ac_cv_header_sys_stat_h=yes
ac_cv_header_sys_time_h=yes
ac_cv_header_sys_timeb_h=yes
ac_cv_header_sys_types_h=yes
ac_cv_header_syslog_h=yes
ac_cv_header_termios_h=yes
ac_cv_header_time=yes
ac_cv_header_unistd_h=yes
ac_cv_header_vfork_h=no
ac_cv_lib_curl_main=yes
ac_cv_lib_dl_main=yes
ac_cv_lib_pthread_main=yes
ac_cv_lib_rt_main=yes
ac_cv_objext=o
ac_cv_path_EGREP='/bin/grep -E'
ac_cv_path_GREP=/bin/grep
ac_cv_prog_CPP='gcc -E'
ac_cv_prog_ac_ct_CC=gcc
ac_cv_prog_ac_ct_CXX=g++
ac_cv_prog_cc_c89=
ac_cv_prog_cc_g=yes
ac_cv_prog_cxx_g=yes
ac_cv_type__Bool=yes
ac_cv_type_off_t=yes
ac_cv_type_pid_t=yes
ac_cv_type_size_t=yes

## ----------------- ##
## Output variables. ##
## ----------------- ##

CC='gcc'
CC_PREFIX=''
CFLAGS='-g -O2'
CPP='gcc -E'
CPPFLAGS=''
CXX='g++'
CXXFLAGS='-g -O2'
DEFS='-DHAVE_CONFIG_H'
ECHO_C=''
ECHO_N='-n'
ECHO_T=''
EGREP='/bin/grep -E'
EXEEXT=''
GREP='/bin/grep'
LDFLAGS=''
LIBOBJS=''
LIBS='-lrt -lpthread -ldl -lcurl '
LTLIBOBJS=''
OBJEXT='o'
PACKAGE_BUGREPORT='BUG-REPORT-ADDRESS'
PACKAGE_NAME='FULL-PACKAGE-NAME'
PACKAGE_STRING='FULL-PACKAGE-NAME VERSION'
PACKAGE_TARNAME='full-package-name'
PACKAGE_URL=''
PACKAGE_VERSION='VERSION'
PATH_SEPARATOR=':'
POW_LIB=''
SHELL='/bin/bash'
ac_ct_CC='gcc'
ac_ct_CXX='g++'
bindir='${exec_prefix}/bin'
build_alias=''
datadir='${datarootdir}'
datarootdir='${prefix}/share'
docdir='${datarootdir}/doc/${PACKAGE_TARNAME}'
dvidir='${docdir}'
exec_prefix='${prefix}'
host_alias=''
htmldir='${docdir}'
includedir='${prefix}/include'
infodir='${datarootdir}/info'
libdir='${exec_prefix}/lib'
libexecdir='${exec_prefix}/libexec'
localedir='${datarootdir}/locale'
localstatedir='${prefix}/var'
mandir='${datarootdir}/man'
oldincludedir='/usr/include'
pdfdir='${docdir}'
prefix='/usr/local'
program_transform_name='s,x,x,'
psdir='${docdir}'
sbindir='${exec_prefix}/sbin'
sharedstatedir='${prefix}/com'
sysconfdir='${prefix}/etc'
target_alias=''

## ----------- ##
## confdefs.h. ##
## ----------- ##

/* confdefs.h */
#define PACKAGE_NAME "FULL-PACKAGE-NAME"
#define PACKAGE_TARNAME "full-package-name"
#define PACKAGE_VERSION "VERSION"
#define PACKAGE_STRING "FULL-PACKAGE-NAME VERSION"
#define PACKAGE_BUGREPORT "BUG-REPORT-ADDRESS"
#define PACKAGE_URL ""
#define HAVE_LIBCURL 1
#define HAVE_LIBDL 1
#define HAVE_LIBPTHREAD 1
#define HAVE_LIBRT 1
#define STDC_HEADERS 1
#define HAVE_SYS_TYPES_H 1
#define HAVE_SYS_STAT_H 1
#define HAVE_STDLIB_H 1
#define HAVE_STRING_H 1
#define HAVE_MEMORY_H 1
#define HAVE_STRINGS_H 1
#define HAVE_INTTYPES_H 1
#define HAVE_STDINT_H 1
#define HAVE_UNISTD_H 1
#define HAVE_ARPA_INET_H 1
#define HAVE_FCNTL_H 1
#define HAVE_FLOAT_H 1
#define HAVE_LIMITS_H 1
#define HAVE_LOCALE_H 1
#define HAVE_MEMORY_H 1
#define HAVE_NETDB_H 1
#define HAVE_NETINET_IN_H 1
#define HAVE_STDDEF_H 1
#define HAVE_STDINT_H 1
#define HAVE_STDLIB_H 1
#define HAVE_STRING_H 1
#define HAVE_STRINGS_H 1
#define HAVE_SYS_IOCTL_H 1
#define HAVE_SYS_SOCKET_H 1
#define HAVE_SYS_TIME_H 1
#define HAVE_SYS_TIMEB_H 1
#define HAVE_SYSLOG_H 1
#define HAVE_TERMIOS_H 1
#define HAVE_UNISTD_H 1
#define HAVE__BOOL 1
#define HAVE_STDBOOL_H 1
#define HAVE_FORK 1
#define HAVE_VFORK 1
#define HAVE_WORKING_VFORK 1
#define HAVE_WORKING_FORK 1
#define HAVE_STDLIB_H 1
#define HAVE_MALLOC 1
#define TIME_WITH_SYS_TIME 1
#define HAVE_SYS_TIME_H 1
#define HAVE_UNISTD_H 1
#define HAVE_ALARM 1
#define HAVE_DECL_STRERROR_R 1
#define HAVE_STRERROR_R 1
#define HAVE_FTIME 1
#define HAVE_FTRUNCATE 1
#define HAVE_GETHOSTBYNAME 1
#define HAVE_GETTIMEOFDAY 1
#define HAVE_LOCALTIME_R 1
#define HAVE_MEMMOVE 1
#define HAVE_MEMSET 1
#define HAVE_MKDIR 1
#define HAVE_SELECT 1
#define HAVE_SOCKET 1
#define HAVE_STRCHR 1
#define HAVE_STRERROR 1
#define HAVE_STRSTR 1
#define HAVE_STRTOULL 1

configure: exit 0
